c:\users\nyu\source\repos\project9\project9\debug\vc142.pdb
c:\users\nyu\source\repos\project9\project9\debug\.netframework,version=v4.7.2.assemblyattributes.obj
c:\users\nyu\source\repos\project9\project9\debug\gestionpersonnel.obj
c:\users\nyu\source\repos\project9\project9\debug\ecranprincipal.obj
c:\users\nyu\source\repos\project9\project9\debug\connexion.obj
c:\users\nyu\source\repos\project9\project9\debug\parametres.obj
c:\users\nyu\source\repos\project9\debug\mysql.data.dll
c:\users\nyu\source\repos\project9\debug\google.protobuf.dll
c:\users\nyu\source\repos\project9\debug\zstandard.net.dll
c:\users\nyu\source\repos\project9\debug\k4os.compression.lz4.streams.dll
c:\users\nyu\source\repos\project9\debug\bouncycastle.crypto.dll
c:\users\nyu\source\repos\project9\debug\ubiety.dns.core.dll
c:\users\nyu\source\repos\project9\debug\renci.sshnet.dll
c:\users\nyu\source\repos\project9\debug\system.memory.dll
c:\users\nyu\source\repos\project9\debug\system.buffers.dll
c:\users\nyu\source\repos\project9\debug\k4os.compression.lz4.dll
c:\users\nyu\source\repos\project9\debug\k4os.hash.xxhash.dll
c:\users\nyu\source\repos\project9\debug\system.numerics.vectors.dll
c:\users\nyu\source\repos\project9\debug\system.runtime.compilerservices.unsafe.dll
c:\users\nyu\source\repos\project9\debug\mysql.data.xml
c:\users\nyu\source\repos\project9\debug\project9.exe
c:\users\nyu\source\repos\project9\debug\project9.pdb
c:\users\nyu\source\repos\project9\project9\debug\project9.tlog\metagen.write.1.tlog
c:\users\nyu\source\repos\project9\project9\debug\project9.connexion.resources
c:\users\nyu\source\repos\project9\project9\debug\project9.ecranprincipal.resources
c:\users\nyu\source\repos\project9\project9\debug\project9.gestionpersonnel.resources
c:\users\nyu\source\repos\project9\project9\debug\project9.parametres.resources
c:\users\nyu\source\repos\project9\project9\debug\project9.tlog\cl.command.1.tlog
c:\users\nyu\source\repos\project9\project9\debug\project9.tlog\cl.read.1.tlog
c:\users\nyu\source\repos\project9\project9\debug\project9.tlog\cl.write.1.tlog
c:\users\nyu\source\repos\project9\project9\debug\project9.tlog\copylocal.read.1u.tlog
c:\users\nyu\source\repos\project9\project9\debug\project9.tlog\copylocal.write.1u.tlog
c:\users\nyu\source\repos\project9\project9\debug\project9.tlog\link.command.1.tlog
c:\users\nyu\source\repos\project9\project9\debug\project9.tlog\link.read.1.tlog
c:\users\nyu\source\repos\project9\project9\debug\project9.tlog\link.write.1.tlog
c:\users\nyu\source\repos\project9\project9\debug\project9.tlog\metagen.read.1.tlog
c:\users\nyu\source\repos\project9\project9\debug\project9.tlog\project9.write.1u.tlog
c:\users\nyu\source\repos\project9\project9\debug\project9.tlog\mysql.data.dll.metagen
